<?xml version="1.0" encoding="UTF-8"?>
<!-- Generated by org.testng.reporters.JUnitXMLReporter -->
<testsuite hostname="manipanjala-PC" ignored="0" name="Test" tests="10" failures="0" timestamp="23 Jun 2020 07:18:56 GMT" time="105.759" errors="0">
  <testcase name="LoginTest" time="13.238" classname="com.JavaPractice.LoginPageTestCase"/>
  <testcase name="HomePageTest" time="5.06" classname="com.JavaPractice.UserManagementTestCase"/>
  <testcase name="JobTest" time="4.751" classname="com.JavaPractice.JobTestcase"/>
  <testcase name="PayGradeTest" time="34.87" classname="com.JavaPractice.PayGradeTestCase"/>
  <testcase name="EmploymentStatusTest" time="3.41" classname="com.JavaPractice.EmploymentStatusTestCase"/>
  <testcase name="JobCatagoryTest" time="4.935" classname="com.JavaPractice.JobCatagoriesTestCase"/>
  <testcase name="workshiftsTest" time="5.503" classname="com.JavaPractice.WorkShiftsTestcase"/>
  <testcase name="OrganisationTest" time="3.423" classname="com.JavaPractice.OrganisationTestCase"/>
  <testcase name="PimTest" time="10.493" classname="com.JavaPractice.PimtestCase"/>
  <testcase name="ReportTest" time="3.391" classname="com.JavaPractice.ReportsTestCase"/>
</testsuite> <!-- Test -->
